<?xml version="1.0" encoding="UTF-8"?>
<coverage generated="1775931678028" clover="3.2.0">
  <project timestamp="1775931678028" name="All files">
    <metrics statements="223" coveredstatements="153" conditionals="148" coveredconditionals="93" methods="74" coveredmethods="53" elements="445" coveredelements="299" complexity="0" loc="223" ncloc="223" packages="5" files="11" classes="11"/>
    <package name="components.layout">
      <metrics statements="13" coveredstatements="11" conditionals="6" coveredconditionals="2" methods="5" coveredmethods="3"/>
      <file name="ThemeProvider.tsx" path="W:\Projects\dev-tools\devtools\src\components\layout\ThemeProvider.tsx">
        <metrics statements="13" coveredstatements="11" conditionals="6" coveredconditionals="2" methods="5" coveredmethods="3"/>
        <line num="17" count="1" type="stmt"/>
        <line num="20" count="26" type="stmt"/>
        <line num="22" count="26" type="stmt"/>
        <line num="23" count="26" type="stmt"/>
        <line num="24" count="26" type="cond" truecount="1" falsecount="1"/>
        <line num="25" count="0" type="stmt"/>
        <line num="27" count="26" type="stmt"/>
        <line num="31" count="26" type="stmt"/>
        <line num="32" count="0" type="cond" truecount="0" falsecount="2"/>
        <line num="35" count="26" type="stmt"/>
        <line num="39" count="5" type="stmt"/>
        <line num="40" count="5" type="cond" truecount="1" falsecount="1"/>
        <line num="41" count="5" type="stmt"/>
      </file>
    </package>
    <package name="components.shared">
      <metrics statements="22" coveredstatements="12" conditionals="27" coveredconditionals="13" methods="9" coveredmethods="5"/>
      <file name="CopyButton.tsx" path="W:\Projects\dev-tools\devtools\src\components\shared\CopyButton.tsx">
        <metrics statements="7" coveredstatements="3" conditionals="10" coveredconditionals="5" methods="3" coveredmethods="1"/>
        <line num="19" count="59" type="stmt"/>
        <line num="21" count="59" type="stmt"/>
        <line num="22" count="0" type="stmt"/>
        <line num="23" count="0" type="cond" truecount="0" falsecount="2"/>
        <line num="24" count="0" type="stmt"/>
        <line num="25" count="0" type="stmt"/>
        <line num="29" count="59" type="stmt"/>
      </file>
      <file name="MonacoWrapper.tsx" path="W:\Projects\dev-tools\devtools\src\components\shared\MonacoWrapper.tsx">
        <metrics statements="14" coveredstatements="8" conditionals="15" coveredconditionals="7" methods="5" coveredmethods="3"/>
        <line num="4" count="1" type="stmt"/>
        <line num="27" count="5" type="stmt"/>
        <line num="28" count="5" type="stmt"/>
        <line num="30" count="5" type="stmt"/>
        <line num="33" count="0" type="stmt"/>
        <line num="34" count="0" type="cond" truecount="0" falsecount="2"/>
        <line num="35" count="0" type="stmt"/>
        <line num="37" count="0" type="stmt"/>
        <line num="42" count="5" type="stmt"/>
        <line num="44" count="5" type="stmt"/>
        <line num="45" count="5" type="cond" truecount="2" falsecount="2"/>
        <line num="46" count="0" type="stmt"/>
        <line num="50" count="5" type="stmt"/>
        <line num="66" count="0" type="cond" truecount="0" falsecount="2"/>
      </file>
      <file name="ToolPageHeader.tsx" path="W:\Projects\dev-tools\devtools\src\components\shared\ToolPageHeader.tsx">
        <metrics statements="1" coveredstatements="1" conditionals="2" coveredconditionals="1" methods="1" coveredmethods="1"/>
        <line num="15" count="54" type="stmt"/>
      </file>
    </package>
    <package name="components.uuid">
      <metrics statements="118" coveredstatements="107" conditionals="88" coveredconditionals="75" methods="34" coveredmethods="33"/>
      <file name="index.tsx" path="W:\Projects\dev-tools\devtools\src\components\uuid\index.tsx">
        <metrics statements="118" coveredstatements="107" conditionals="88" coveredconditionals="75" methods="34" coveredmethods="33"/>
        <line num="13" count="15" type="stmt"/>
        <line num="26" count="1" type="stmt"/>
        <line num="27" count="1" type="stmt"/>
        <line num="31" count="46" type="cond" truecount="3" falsecount="1"/>
        <line num="32" count="46" type="stmt"/>
        <line num="35" count="0" type="stmt"/>
        <line num="36" count="0" type="stmt"/>
        <line num="37" count="0" type="stmt"/>
        <line num="38" count="0" type="stmt"/>
        <line num="39" count="0" type="stmt"/>
        <line num="42" count="0" type="stmt"/>
        <line num="47" count="2" type="stmt"/>
        <line num="48" count="2" type="stmt"/>
        <line num="49" count="2" type="stmt"/>
        <line num="52" count="2" type="stmt"/>
        <line num="53" count="2" type="stmt"/>
        <line num="54" count="2" type="stmt"/>
        <line num="55" count="2" type="stmt"/>
        <line num="56" count="2" type="stmt"/>
        <line num="57" count="2" type="stmt"/>
        <line num="60" count="2" type="stmt"/>
        <line num="62" count="2" type="stmt"/>
        <line num="64" count="32" type="stmt"/>
        <line num="67" count="2" type="stmt"/>
        <line num="71" count="50" type="cond" truecount="3" falsecount="0"/>
        <line num="73" count="46" type="stmt"/>
        <line num="75" count="2" type="stmt"/>
        <line num="77" count="2" type="stmt"/>
        <line num="83" count="50" type="stmt"/>
        <line num="85" count="50" type="stmt"/>
        <line num="86" count="50" type="cond" truecount="2" falsecount="0"/>
        <line num="87" count="48" type="cond" truecount="4" falsecount="0"/>
        <line num="89" count="45" type="stmt"/>
        <line num="91" count="1" type="stmt"/>
        <line num="92" count="1" type="stmt"/>
        <line num="94" count="1" type="stmt"/>
        <line num="95" count="1" type="stmt"/>
        <line num="97" count="1" type="stmt"/>
        <line num="98" count="1" type="stmt"/>
        <line num="100" count="2" type="cond" truecount="1" falsecount="1"/>
        <line num="101" count="0" type="stmt"/>
        <line num="103" count="50" type="stmt"/>
        <line num="107" count="5" type="cond" truecount="3" falsecount="1"/>
        <line num="109" count="3" type="stmt"/>
        <line num="111" count="1" type="stmt"/>
        <line num="113" count="0" type="stmt"/>
        <line num="115" count="5" type="stmt"/>
        <line num="126" count="6" type="stmt"/>
        <line num="127" count="6" type="cond" truecount="2" falsecount="0"/>
        <line num="131" count="1" type="stmt"/>
        <line num="133" count="5" type="cond" truecount="2" falsecount="0"/>
        <line num="134" count="3" type="stmt"/>
        <line num="135" count="3" type="stmt"/>
        <line num="136" count="3" type="stmt"/>
        <line num="137" count="3" type="cond" truecount="1" falsecount="1"/>
        <line num="144" count="6" type="cond" truecount="2" falsecount="0"/>
        <line num="147" count="6" type="cond" truecount="4" falsecount="0"/>
        <line num="148" count="1" type="stmt"/>
        <line num="149" count="1" type="stmt"/>
        <line num="150" count="1" type="stmt"/>
        <line num="151" count="1" type="stmt"/>
        <line num="153" count="1" type="stmt"/>
        <line num="154" count="1" type="stmt"/>
        <line num="155" count="1" type="stmt"/>
        <line num="156" count="1" type="stmt"/>
        <line num="158" count="1" type="stmt"/>
        <line num="159" count="1" type="stmt"/>
        <line num="161" count="1" type="stmt"/>
        <line num="163" count="1" type="stmt"/>
        <line num="164" count="1" type="stmt"/>
        <line num="166" count="1" type="stmt"/>
        <line num="177" count="2" type="stmt"/>
        <line num="181" count="6" type="stmt"/>
        <line num="182" count="6" type="cond" truecount="2" falsecount="0"/>
        <line num="186" count="1" type="stmt"/>
        <line num="188" count="5" type="cond" truecount="2" falsecount="0"/>
        <line num="189" count="3" type="stmt"/>
        <line num="193" count="54" type="stmt"/>
        <line num="199" count="54" type="stmt"/>
        <line num="200" count="26" type="stmt"/>
        <line num="202" count="54" type="stmt"/>
        <line num="203" count="54" type="stmt"/>
        <line num="205" count="54" type="stmt"/>
        <line num="206" count="3" type="stmt"/>
        <line num="209" count="54" type="stmt"/>
        <line num="210" count="5" type="stmt"/>
        <line num="211" count="5" type="stmt"/>
        <line num="212" count="17" type="stmt"/>
        <line num="214" count="5" type="stmt"/>
        <line num="217" count="54" type="stmt"/>
        <line num="218" count="32" type="cond" truecount="2" falsecount="0"/>
        <line num="219" count="6" type="stmt"/>
        <line num="222" count="54" type="stmt"/>
        <line num="223" count="32" type="cond" truecount="2" falsecount="0"/>
        <line num="224" count="6" type="stmt"/>
        <line num="228" count="54" type="stmt"/>
        <line num="229" count="36" type="stmt"/>
        <line num="230" count="1" type="cond" truecount="2" falsecount="0"/>
        <line num="231" count="1" type="cond" truecount="3" falsecount="1"/>
        <line num="232" count="1" type="stmt"/>
        <line num="233" count="1" type="stmt"/>
        <line num="234" count="0" type="cond" truecount="0" falsecount="5"/>
        <line num="235" count="0" type="stmt"/>
        <line num="236" count="0" type="stmt"/>
        <line num="239" count="36" type="stmt"/>
        <line num="240" count="36" type="stmt"/>
        <line num="243" count="54" type="stmt"/>
        <line num="245" count="4" type="stmt"/>
        <line num="246" count="4" type="stmt"/>
        <line num="251" count="54" type="stmt"/>
        <line num="264" count="162" type="stmt"/>
        <line num="266" count="4" type="stmt"/>
        <line num="320" count="5" type="stmt"/>
        <line num="329" count="324" type="stmt"/>
        <line num="339" count="3" type="stmt"/>
        <line num="357" count="2" type="stmt"/>
        <line num="404" count="6" type="stmt"/>
        <line num="431" count="3" type="stmt"/>
      </file>
    </package>
    <package name="lib">
      <metrics statements="56" coveredstatements="19" conditionals="25" coveredconditionals="3" methods="17" coveredmethods="8"/>
      <file name="clipboard.ts" path="W:\Projects\dev-tools\devtools\src\lib\clipboard.ts">
        <metrics statements="16" coveredstatements="0" conditionals="4" coveredconditionals="0" methods="1" coveredmethods="0"/>
        <line num="2" count="0" type="stmt"/>
        <line num="3" count="0" type="cond" truecount="0" falsecount="4"/>
        <line num="4" count="0" type="stmt"/>
        <line num="5" count="0" type="stmt"/>
        <line num="8" count="0" type="stmt"/>
        <line num="9" count="0" type="stmt"/>
        <line num="10" count="0" type="stmt"/>
        <line num="11" count="0" type="stmt"/>
        <line num="12" count="0" type="stmt"/>
        <line num="13" count="0" type="stmt"/>
        <line num="14" count="0" type="stmt"/>
        <line num="15" count="0" type="stmt"/>
        <line num="16" count="0" type="stmt"/>
        <line num="17" count="0" type="stmt"/>
        <line num="18" count="0" type="stmt"/>
        <line num="20" count="0" type="stmt"/>
      </file>
      <file name="constants.ts" path="W:\Projects\dev-tools\devtools\src\lib\constants.ts">
        <metrics statements="11" coveredstatements="2" conditionals="5" coveredconditionals="0" methods="5" coveredmethods="0"/>
        <line num="43" count="1" type="stmt"/>
        <line num="52" count="1" type="stmt"/>
        <line num="251" count="0" type="stmt"/>
        <line num="252" count="0" type="stmt"/>
        <line num="253" count="0" type="stmt"/>
        <line num="255" count="0" type="stmt"/>
        <line num="259" count="0" type="stmt"/>
        <line num="260" count="0" type="cond" truecount="0" falsecount="2"/>
        <line num="261" count="0" type="stmt"/>
        <line num="263" count="0" type="cond" truecount="0" falsecount="3"/>
        <line num="265" count="0" type="stmt"/>
      </file>
      <file name="use-local-storage.ts" path="W:\Projects\dev-tools\devtools\src\lib\use-local-storage.ts">
        <metrics statements="20" coveredstatements="16" conditionals="10" coveredconditionals="3" methods="8" coveredmethods="7"/>
        <line num="4" count="52" type="cond" truecount="1" falsecount="1"/>
        <line num="5" count="52" type="stmt"/>
        <line num="6" count="52" type="stmt"/>
        <line num="7" count="52" type="cond" truecount="1" falsecount="1"/>
        <line num="8" count="0" type="stmt"/>
        <line num="10" count="0" type="stmt"/>
        <line num="15" count="80" type="stmt"/>
        <line num="17" count="80" type="stmt"/>
        <line num="19" count="14" type="stmt"/>
        <line num="20" count="14" type="cond" truecount="1" falsecount="1"/>
        <line num="21" count="14" type="stmt"/>
        <line num="22" count="14" type="stmt"/>
        <line num="26" count="14" type="stmt"/>
        <line num="33" count="80" type="stmt"/>
        <line num="34" count="80" type="stmt"/>
        <line num="35" count="0" type="cond" truecount="0" falsecount="2"/>
        <line num="36" count="0" type="cond" truecount="0" falsecount="2"/>
        <line num="39" count="80" type="stmt"/>
        <line num="40" count="80" type="stmt"/>
        <line num="43" count="80" type="stmt"/>
      </file>
      <file name="utils.ts" path="W:\Projects\dev-tools\devtools\src\lib\utils.ts">
        <metrics statements="9" coveredstatements="1" conditionals="6" coveredconditionals="0" methods="3" coveredmethods="1"/>
        <line num="5" count="275" type="stmt"/>
        <line num="9" count="0" type="cond" truecount="0" falsecount="2"/>
        <line num="10" count="0" type="stmt"/>
        <line num="11" count="0" type="stmt"/>
        <line num="12" count="0" type="stmt"/>
        <line num="13" count="0" type="stmt"/>
        <line num="17" count="0" type="cond" truecount="0" falsecount="2"/>
        <line num="18" count="0" type="cond" truecount="0" falsecount="2"/>
        <line num="19" count="0" type="stmt"/>
      </file>
    </package>
    <package name="test">
      <metrics statements="14" coveredstatements="4" conditionals="2" coveredconditionals="0" methods="9" coveredmethods="4"/>
      <file name="mock-monaco.tsx" path="W:\Projects\dev-tools\devtools\src\test\mock-monaco.tsx">
        <metrics statements="3" coveredstatements="2" conditionals="0" coveredconditionals="0" methods="3" coveredmethods="2"/>
        <line num="4" count="1" type="stmt"/>
        <line num="16" count="5" type="stmt"/>
        <line num="21" count="0" type="stmt"/>
      </file>
      <file name="utils.tsx" path="W:\Projects\dev-tools\devtools\src\test\utils.tsx">
        <metrics statements="11" coveredstatements="2" conditionals="2" coveredconditionals="0" methods="6" coveredmethods="2"/>
        <line num="18" count="0" type="stmt"/>
        <line num="20" count="0" type="stmt"/>
        <line num="26" count="0" type="stmt"/>
        <line num="27" count="0" type="stmt"/>
        <line num="32" count="0" type="stmt"/>
        <line num="33" count="0" type="stmt"/>
        <line num="35" count="0" type="stmt"/>
        <line num="43" count="26" type="stmt"/>
        <line num="49" count="26" type="stmt"/>
        <line num="53" count="0" type="stmt"/>
        <line num="54" count="0" type="stmt"/>
      </file>
    </package>
  </project>
</coverage>
