{"W:\\Projects\\dev-tools\\devtools\\src\\components\\layout\\ThemeProvider.tsx": {"path":"W:\\Projects\\dev-tools\\devtools\\src\\components\\layout\\ThemeProvider.tsx","statementMap":{"0":{"start":{"line":17,"column":6},"end":{"line":17,"column":76}},"1":{"start":{"line":20,"column":15},"end":{"line":20,"column":75}},"2":{"start":{"line":22,"column":1},"end":{"line":29,"column":null}},"3":{"start":{"line":23,"column":15},"end":{"line":23,"column":null}},"4":{"start":{"line":24,"column":2},"end":{"line":27,"column":null}},"5":{"start":{"line":25,"column":3},"end":{"line":25,"column":null}},"6":{"start":{"line":27,"column":3},"end":{"line":27,"column":null}},"7":{"start":{"line":31,"column":7},"end":{"line":33,"column":15}},"8":{"start":{"line":32,"column":2},"end":{"line":32,"column":null}},"9":{"start":{"line":32,"column":22},"end":{"line":32,"column":58}},"10":{"start":{"line":35,"column":1},"end":{"line":35,"column":null}},"11":{"start":{"line":39,"column":7},"end":{"line":39,"column":37}},"12":{"start":{"line":40,"column":1},"end":{"line":40,"column":null}},"13":{"start":{"line":40,"column":11},"end":{"line":40,"column":null}},"14":{"start":{"line":41,"column":1},"end":{"line":41,"column":null}}},"fnMap":{"0":{"name":"ThemeProvider","decl":{"start":{"line":19,"column":16},"end":{"line":19,"column":30}},"loc":{"start":{"line":19,"column":69},"end":{"line":35,"column":null}},"line":19},"1":{"name":"(anonymous_1)","decl":{"start":{"line":22,"column":1},"end":{"line":22,"column":17}},"loc":{"start":{"line":22,"column":17},"end":{"line":29,"column":5}},"line":22},"2":{"name":"(anonymous_2)","decl":{"start":{"line":31,"column":21},"end":{"line":31,"column":39}},"loc":{"start":{"line":31,"column":39},"end":{"line":33,"column":5}},"line":31},"3":{"name":"(anonymous_3)","decl":{"start":{"line":32,"column":2},"end":{"line":32,"column":12}},"loc":{"start":{"line":32,"column":22},"end":{"line":32,"column":58}},"line":32},"4":{"name":"useTheme","decl":{"start":{"line":38,"column":16},"end":{"line":38,"column":27}},"loc":{"start":{"line":38,"column":27},"end":{"line":41,"column":null}},"line":38}},"branchMap":{"0":{"loc":{"start":{"line":24,"column":2},"end":{"line":27,"column":null}},"type":"if","locations":[{"start":{"line":24,"column":2},"end":{"line":27,"column":null}},{"start":{"line":26,"column":9},"end":{"line":27,"column":null}}],"line":24},"1":{"loc":{"start":{"line":32,"column":22},"end":{"line":32,"column":58}},"type":"cond-expr","locations":[{"start":{"line":32,"column":40},"end":{"line":32,"column":50}},{"start":{"line":32,"column":50},"end":{"line":32,"column":58}}],"line":32},"2":{"loc":{"start":{"line":40,"column":1},"end":{"line":40,"column":null}},"type":"if","locations":[{"start":{"line":40,"column":1},"end":{"line":40,"column":null}},{"start":{},"end":{}}],"line":40}},"s":{"0":1,"1":26,"2":26,"3":26,"4":26,"5":0,"6":26,"7":26,"8":0,"9":0,"10":26,"11":5,"12":5,"13":0,"14":5},"f":{"0":26,"1":26,"2":0,"3":0,"4":5},"b":{"0":[0,26],"1":[0,0],"2":[0,5]},"meta":{"lastBranch":3,"lastFunction":5,"lastStatement":15,"seen":{"s:17:6:17:76":0,"f:19:16:19:30":0,"s:20:15:20:75":1,"s:22:1:29:Infinity":2,"f:22:1:22:17":1,"s:23:15:23:Infinity":3,"b:24:2:27:Infinity:26:9:27:Infinity":0,"s:24:2:27:Infinity":4,"s:25:3:25:Infinity":5,"s:27:3:27:Infinity":6,"s:31:7:33:15":7,"f:31:21:31:39":2,"s:32:2:32:Infinity":8,"f:32:2:32:12":3,"s:32:22:32:58":9,"b:32:40:32:50:32:50:32:58":1,"s:35:1:35:Infinity":10,"f:38:16:38:27":4,"s:39:7:39:37":11,"b:40:1:40:Infinity:undefined:undefined:undefined:undefined":2,"s:40:1:40:Infinity":12,"s:40:11:40:Infinity":13,"s:41:1:41:Infinity":14}}}
,"W:\\Projects\\dev-tools\\devtools\\src\\components\\shared\\CopyButton.tsx": {"path":"W:\\Projects\\dev-tools\\devtools\\src\\components\\shared\\CopyButton.tsx","statementMap":{"0":{"start":{"line":19,"column":16},"end":{"line":19,"column":44}},"1":{"start":{"line":21,"column":7},"end":{"line":27,"column":11}},"2":{"start":{"line":22,"column":18},"end":{"line":22,"column":45}},"3":{"start":{"line":23,"column":2},"end":{"line":25,"column":null}},"4":{"start":{"line":24,"column":3},"end":{"line":24,"column":null}},"5":{"start":{"line":25,"column":3},"end":{"line":25,"column":null}},"6":{"start":{"line":25,"column":20},"end":{"line":25,"column":36}},"7":{"start":{"line":29,"column":1},"end":{"line":52,"column":null}}},"fnMap":{"0":{"name":"CopyButton","decl":{"start":{"line":13,"column":16},"end":{"line":13,"column":27}},"loc":{"start":{"line":18,"column":20},"end":{"line":52,"column":null}},"line":18},"1":{"name":"(anonymous_1)","decl":{"start":{"line":21,"column":32},"end":{"line":21,"column":44}},"loc":{"start":{"line":21,"column":44},"end":{"line":27,"column":5}},"line":21},"2":{"name":"(anonymous_2)","decl":{"start":{"line":25,"column":3},"end":{"line":25,"column":20}},"loc":{"start":{"line":25,"column":20},"end":{"line":25,"column":36}},"line":25}},"branchMap":{"0":{"loc":{"start":{"line":23,"column":2},"end":{"line":25,"column":null}},"type":"if","locations":[{"start":{"line":23,"column":2},"end":{"line":25,"column":null}},{"start":{},"end":{}}],"line":23},"1":{"loc":{"start":{"line":38,"column":15},"end":{"line":38,"column":null}},"type":"binary-expr","locations":[{"start":{"line":38,"column":15},"end":{"line":38,"column":28}},{"start":{"line":38,"column":28},"end":{"line":38,"column":null}}],"line":38},"2":{"loc":{"start":{"line":41,"column":4},"end":{"line":50,"column":null}},"type":"cond-expr","locations":[{"start":{"line":42,"column":4},"end":{"line":45,"column":null}},{"start":{"line":47,"column":4},"end":{"line":50,"column":null}}],"line":41},"3":{"loc":{"start":{"line":44,"column":6},"end":{"line":44,"column":null}},"type":"cond-expr","locations":[{"start":{"line":44,"column":14},"end":{"line":44,"column":26}},{"start":{"line":44,"column":26},"end":{"line":44,"column":null}}],"line":44},"4":{"loc":{"start":{"line":49,"column":6},"end":{"line":49,"column":null}},"type":"binary-expr","locations":[{"start":{"line":49,"column":6},"end":{"line":49,"column":15}},{"start":{"line":49,"column":15},"end":{"line":49,"column":null}}],"line":49}},"s":{"0":59,"1":59,"2":0,"3":0,"4":0,"5":0,"6":0,"7":59},"f":{"0":59,"1":0,"2":0},"b":{"0":[0,0],"1":[59,59],"2":[0,59],"3":[0,0],"4":[59,5]},"meta":{"lastBranch":5,"lastFunction":3,"lastStatement":8,"seen":{"f:13:16:13:27":0,"s:19:16:19:44":0,"s:21:7:27:11":1,"f:21:32:21:44":1,"s:22:18:22:45":2,"b:23:2:25:Infinity:undefined:undefined:undefined:undefined":0,"s:23:2:25:Infinity":3,"s:24:3:24:Infinity":4,"s:25:3:25:Infinity":5,"f:25:3:25:20":2,"s:25:20:25:36":6,"s:29:1:52:Infinity":7,"b:38:15:38:28:38:28:38:Infinity":1,"b:42:4:45:Infinity:47:4:50:Infinity":2,"b:44:14:44:26:44:26:44:Infinity":3,"b:49:6:49:15:49:15:49:Infinity":4}}}
,"W:\\Projects\\dev-tools\\devtools\\src\\components\\shared\\MonacoWrapper.tsx": {"path":"W:\\Projects\\dev-tools\\devtools\\src\\components\\shared\\MonacoWrapper.tsx","statementMap":{"0":{"start":{"line":4,"column":6},"end":{"line":4,"column":null}},"1":{"start":{"line":4,"column":26},"end":{"line":4,"column":null}},"2":{"start":{"line":27,"column":9},"end":{"line":27,"column":29}},"3":{"start":{"line":28,"column":7},"end":{"line":28,"column":40}},"4":{"start":{"line":30,"column":7},"end":{"line":40,"column":null}},"5":{"start":{"line":33,"column":3},"end":{"line":33,"column":null}},"6":{"start":{"line":34,"column":3},"end":{"line":35,"column":null}},"7":{"start":{"line":35,"column":4},"end":{"line":35,"column":null}},"8":{"start":{"line":37,"column":3},"end":{"line":37,"column":null}},"9":{"start":{"line":42,"column":1},"end":{"line":48,"column":null}},"10":{"start":{"line":44,"column":17},"end":{"line":44,"column":null}},"11":{"start":{"line":45,"column":2},"end":{"line":46,"column":null}},"12":{"start":{"line":46,"column":3},"end":{"line":46,"column":null}},"13":{"start":{"line":50,"column":1},"end":{"line":89,"column":null}},"14":{"start":{"line":66,"column":21},"end":{"line":66,"column":40}}},"fnMap":{"0":{"name":"(anonymous_0)","decl":{"start":{"line":4,"column":15},"end":{"line":4,"column":26}},"loc":{"start":{"line":4,"column":26},"end":{"line":4,"column":null}},"line":4},"1":{"name":"MonacoWrapper","decl":{"start":{"line":17,"column":16},"end":{"line":17,"column":30}},"loc":{"start":{"line":26,"column":23},"end":{"line":89,"column":null}},"line":26},"2":{"name":"(anonymous_2)","decl":{"start":{"line":32,"column":3},"end":{"line":32,"column":19}},"loc":{"start":{"line":32,"column":19},"end":{"line":37,"column":null}},"line":32},"3":{"name":"(anonymous_3)","decl":{"start":{"line":42,"column":1},"end":{"line":42,"column":17}},"loc":{"start":{"line":42,"column":17},"end":{"line":48,"column":5}},"line":42},"4":{"name":"(anonymous_4)","decl":{"start":{"line":66,"column":4},"end":{"line":66,"column":15}},"loc":{"start":{"line":66,"column":21},"end":{"line":66,"column":40}},"line":66}},"branchMap":{"0":{"loc":{"start":{"line":20,"column":1},"end":{"line":20,"column":null}},"type":"default-arg","locations":[{"start":{"line":20,"column":12},"end":{"line":20,"column":null}}],"line":20},"1":{"loc":{"start":{"line":21,"column":1},"end":{"line":21,"column":null}},"type":"default-arg","locations":[{"start":{"line":21,"column":12},"end":{"line":21,"column":null}}],"line":21},"2":{"loc":{"start":{"line":22,"column":1},"end":{"line":22,"column":null}},"type":"default-arg","locations":[{"start":{"line":22,"column":10},"end":{"line":22,"column":null}}],"line":22},"3":{"loc":{"start":{"line":34,"column":3},"end":{"line":35,"column":null}},"type":"if","locations":[{"start":{"line":34,"column":3},"end":{"line":35,"column":null}},{"start":{},"end":{}}],"line":34},"4":{"loc":{"start":{"line":45,"column":2},"end":{"line":46,"column":null}},"type":"if","locations":[{"start":{"line":45,"column":2},"end":{"line":46,"column":null}},{"start":{},"end":{}}],"line":45},"5":{"loc":{"start":{"line":45,"column":6},"end":{"line":45,"column":27}},"type":"binary-expr","locations":[{"start":{"line":45,"column":6},"end":{"line":45,"column":16}},{"start":{"line":45,"column":16},"end":{"line":45,"column":27}}],"line":45},"6":{"loc":{"start":{"line":64,"column":11},"end":{"line":64,"column":null}},"type":"binary-expr","locations":[{"start":{"line":64,"column":11},"end":{"line":64,"column":20}},{"start":{"line":64,"column":20},"end":{"line":64,"column":null}}],"line":64},"7":{"loc":{"start":{"line":65,"column":11},"end":{"line":65,"column":null}},"type":"cond-expr","locations":[{"start":{"line":65,"column":30},"end":{"line":65,"column":42}},{"start":{"line":65,"column":42},"end":{"line":65,"column":null}}],"line":65},"8":{"loc":{"start":{"line":66,"column":32},"end":{"line":66,"column":40}},"type":"binary-expr","locations":[{"start":{"line":66,"column":32},"end":{"line":66,"column":37}},{"start":{"line":66,"column":37},"end":{"line":66,"column":40}}],"line":66}},"s":{"0":1,"1":1,"2":5,"3":5,"4":5,"5":0,"6":0,"7":0,"8":0,"9":5,"10":5,"11":5,"12":0,"13":5,"14":0},"f":{"0":1,"1":5,"2":0,"3":5,"4":0},"b":{"0":[5],"1":[5],"2":[5],"3":[0,0],"4":[0,5],"5":[5,0],"6":[5,0],"7":[5,0],"8":[0,0]},"meta":{"lastBranch":9,"lastFunction":5,"lastStatement":15,"seen":{"s:4:6:4:Infinity":0,"f:4:15:4:26":0,"s:4:26:4:Infinity":1,"f:17:16:17:30":1,"b:20:12:20:Infinity":0,"b:21:12:21:Infinity":1,"b:22:10:22:Infinity":2,"s:27:9:27:29":2,"s:28:7:28:40":3,"s:30:7:40:Infinity":4,"f:32:3:32:19":2,"s:33:3:33:Infinity":5,"b:34:3:35:Infinity:undefined:undefined:undefined:undefined":3,"s:34:3:35:Infinity":6,"s:35:4:35:Infinity":7,"s:37:3:37:Infinity":8,"s:42:1:48:Infinity":9,"f:42:1:42:17":3,"s:44:17:44:Infinity":10,"b:45:2:46:Infinity:undefined:undefined:undefined:undefined":4,"s:45:2:46:Infinity":11,"b:45:6:45:16:45:16:45:27":5,"s:46:3:46:Infinity":12,"s:50:1:89:Infinity":13,"b:64:11:64:20:64:20:64:Infinity":6,"b:65:30:65:42:65:42:65:Infinity":7,"f:66:4:66:15":4,"s:66:21:66:40":14,"b:66:32:66:37:66:37:66:40":8}}}
,"W:\\Projects\\dev-tools\\devtools\\src\\components\\shared\\ToolPageHeader.tsx": {"path":"W:\\Projects\\dev-tools\\devtools\\src\\components\\shared\\ToolPageHeader.tsx","statementMap":{"0":{"start":{"line":15,"column":1},"end":{"line":23,"column":null}}},"fnMap":{"0":{"name":"ToolPageHeader","decl":{"start":{"line":10,"column":16},"end":{"line":10,"column":31}},"loc":{"start":{"line":14,"column":24},"end":{"line":23,"column":null}},"line":14}},"branchMap":{"0":{"loc":{"start":{"line":23,"column":4},"end":{"line":23,"column":null}},"type":"binary-expr","locations":[{"start":{"line":23,"column":4},"end":{"line":23,"column":16}},{"start":{"line":23,"column":16},"end":{"line":23,"column":null}}],"line":23}},"s":{"0":54},"f":{"0":54},"b":{"0":[54,0]},"meta":{"lastBranch":1,"lastFunction":1,"lastStatement":1,"seen":{"f:10:16:10:31":0,"s:15:1:23:Infinity":0,"b:23:4:23:16:23:16:23:Infinity":0}}}
,"W:\\Projects\\dev-tools\\devtools\\src\\components\\uuid\\index.tsx": {"path":"W:\\Projects\\dev-tools\\devtools\\src\\components\\uuid\\index.tsx","statementMap":{"0":{"start":{"line":13,"column":13},"end":{"line":13,"column":47}},"1":{"start":{"line":13,"column":31},"end":{"line":13,"column":47}},"2":{"start":{"line":26,"column":19},"end":{"line":26,"column":null}},"3":{"start":{"line":27,"column":17},"end":{"line":27,"column":null}},"4":{"start":{"line":31,"column":1},"end":{"line":32,"column":null}},"5":{"start":{"line":32,"column":2},"end":{"line":32,"column":null}},"6":{"start":{"line":35,"column":15},"end":{"line":35,"column":33}},"7":{"start":{"line":36,"column":1},"end":{"line":36,"column":null}},"8":{"start":{"line":37,"column":1},"end":{"line":37,"column":null}},"9":{"start":{"line":38,"column":1},"end":{"line":38,"column":null}},"10":{"start":{"line":39,"column":13},"end":{"line":40,"column":null}},"11":{"start":{"line":39,"column":38},"end":{"line":39,"column":69}},"12":{"start":{"line":42,"column":1},"end":{"line":42,"column":null}},"13":{"start":{"line":47,"column":13},"end":{"line":47,"column":23}},"14":{"start":{"line":48,"column":15},"end":{"line":48,"column":33}},"15":{"start":{"line":49,"column":1},"end":{"line":49,"column":null}},"16":{"start":{"line":52,"column":1},"end":{"line":52,"column":null}},"17":{"start":{"line":53,"column":1},"end":{"line":53,"column":null}},"18":{"start":{"line":54,"column":1},"end":{"line":54,"column":null}},"19":{"start":{"line":55,"column":1},"end":{"line":55,"column":null}},"20":{"start":{"line":56,"column":1},"end":{"line":56,"column":null}},"21":{"start":{"line":57,"column":1},"end":{"line":57,"column":null}},"22":{"start":{"line":60,"column":1},"end":{"line":60,"column":null}},"23":{"start":{"line":62,"column":1},"end":{"line":62,"column":null}},"24":{"start":{"line":64,"column":13},"end":{"line":65,"column":null}},"25":{"start":{"line":64,"column":38},"end":{"line":64,"column":69}},"26":{"start":{"line":67,"column":1},"end":{"line":67,"column":null}},"27":{"start":{"line":71,"column":1},"end":{"line":77,"column":null}},"28":{"start":{"line":73,"column":3},"end":{"line":73,"column":null}},"29":{"start":{"line":75,"column":3},"end":{"line":75,"column":null}},"30":{"start":{"line":77,"column":3},"end":{"line":77,"column":null}},"31":{"start":{"line":83,"column":16},"end":{"line":83,"column":null}},"32":{"start":{"line":85,"column":14},"end":{"line":85,"column":null}},"33":{"start":{"line":86,"column":1},"end":{"line":101,"column":null}},"34":{"start":{"line":87,"column":2},"end":{"line":98,"column":null}},"35":{"start":{"line":89,"column":4},"end":{"line":89,"column":null}},"36":{"start":{"line":91,"column":4},"end":{"line":91,"column":null}},"37":{"start":{"line":92,"column":4},"end":{"line":92,"column":null}},"38":{"start":{"line":94,"column":4},"end":{"line":94,"column":null}},"39":{"start":{"line":95,"column":4},"end":{"line":95,"column":null}},"40":{"start":{"line":97,"column":4},"end":{"line":97,"column":null}},"41":{"start":{"line":98,"column":4},"end":{"line":98,"column":null}},"42":{"start":{"line":100,"column":12},"end":{"line":101,"column":null}},"43":{"start":{"line":101,"column":2},"end":{"line":101,"column":null}},"44":{"start":{"line":103,"column":1},"end":{"line":103,"column":null}},"45":{"start":{"line":107,"column":1},"end":{"line":115,"column":null}},"46":{"start":{"line":109,"column":3},"end":{"line":109,"column":null}},"47":{"start":{"line":111,"column":3},"end":{"line":111,"column":null}},"48":{"start":{"line":113,"column":3},"end":{"line":113,"column":null}},"49":{"start":{"line":115,"column":3},"end":{"line":115,"column":null}},"50":{"start":{"line":115,"column":26},"end":{"line":115,"column":38}},"51":{"start":{"line":126,"column":15},"end":{"line":126,"column":56}},"52":{"start":{"line":127,"column":1},"end":{"line":131,"column":null}},"53":{"start":{"line":131,"column":2},"end":{"line":131,"column":null}},"54":{"start":{"line":133,"column":1},"end":{"line":133,"column":null}},"55":{"start":{"line":133,"column":26},"end":{"line":133,"column":null}},"56":{"start":{"line":134,"column":21},"end":{"line":134,"column":null}},"57":{"start":{"line":135,"column":21},"end":{"line":135,"column":44}},"58":{"start":{"line":136,"column":17},"end":{"line":136,"column":null}},"59":{"start":{"line":137,"column":7},"end":{"line":142,"column":null}},"60":{"start":{"line":144,"column":17},"end":{"line":144,"column":104}},"61":{"start":{"line":147,"column":1},"end":{"line":174,"column":null}},"62":{"start":{"line":148,"column":18},"end":{"line":148,"column":35}},"63":{"start":{"line":149,"column":18},"end":{"line":149,"column":36}},"64":{"start":{"line":150,"column":17},"end":{"line":150,"column":36}},"65":{"start":{"line":151,"column":25},"end":{"line":151,"column":66}},"66":{"start":{"line":153,"column":28},"end":{"line":153,"column":56}},"67":{"start":{"line":154,"column":20},"end":{"line":154,"column":null}},"68":{"start":{"line":155,"column":17},"end":{"line":155,"column":50}},"69":{"start":{"line":156,"column":15},"end":{"line":156,"column":31}},"70":{"start":{"line":158,"column":21},"end":{"line":158,"column":null}},"71":{"start":{"line":159,"column":22},"end":{"line":159,"column":55}},"72":{"start":{"line":161,"column":8},"end":{"line":161,"column":null}},"73":{"start":{"line":163,"column":15},"end":{"line":163,"column":34}},"74":{"start":{"line":164,"column":23},"end":{"line":164,"column":53}},"75":{"start":{"line":166,"column":2},"end":{"line":174,"column":null}},"76":{"start":{"line":177,"column":1},"end":{"line":177,"column":null}},"77":{"start":{"line":181,"column":15},"end":{"line":181,"column":56}},"78":{"start":{"line":182,"column":1},"end":{"line":186,"column":null}},"79":{"start":{"line":186,"column":2},"end":{"line":186,"column":null}},"80":{"start":{"line":188,"column":1},"end":{"line":188,"column":null}},"81":{"start":{"line":188,"column":26},"end":{"line":188,"column":null}},"82":{"start":{"line":189,"column":1},"end":{"line":189,"column":null}},"83":{"start":{"line":193,"column":15},"end":{"line":198,"column":3}},"84":{"start":{"line":199,"column":16},"end":{"line":200,"column":null}},"85":{"start":{"line":200,"column":2},"end":{"line":200,"column":58}},"86":{"start":{"line":202,"column":14},"end":{"line":202,"column":37}},"87":{"start":{"line":203,"column":21},"end":{"line":203,"column":51}},"88":{"start":{"line":205,"column":7},"end":{"line":207,"column":38}},"89":{"start":{"line":206,"column":2},"end":{"line":206,"column":null}},"90":{"start":{"line":209,"column":7},"end":{"line":215,"column":12}},"91":{"start":{"line":210,"column":16},"end":{"line":210,"column":50}},"92":{"start":{"line":211,"column":14},"end":{"line":212,"column":null}},"93":{"start":{"line":212,"column":3},"end":{"line":212,"column":59}},"94":{"start":{"line":214,"column":2},"end":{"line":214,"column":null}},"95":{"start":{"line":217,"column":7},"end":{"line":220,"column":18}},"96":{"start":{"line":218,"column":2},"end":{"line":218,"column":null}},"97":{"start":{"line":218,"column":27},"end":{"line":218,"column":null}},"98":{"start":{"line":219,"column":2},"end":{"line":219,"column":null}},"99":{"start":{"line":222,"column":7},"end":{"line":225,"column":18}},"100":{"start":{"line":223,"column":2},"end":{"line":223,"column":null}},"101":{"start":{"line":223,"column":27},"end":{"line":223,"column":null}},"102":{"start":{"line":224,"column":2},"end":{"line":224,"column":null}},"103":{"start":{"line":228,"column":1},"end":{"line":241,"column":null}},"104":{"start":{"line":229,"column":8},"end":{"line":236,"column":null}},"105":{"start":{"line":230,"column":15},"end":{"line":230,"column":null}},"106":{"start":{"line":231,"column":3},"end":{"line":236,"column":null}},"107":{"start":{"line":232,"column":4},"end":{"line":232,"column":null}},"108":{"start":{"line":233,"column":4},"end":{"line":233,"column":null}},"109":{"start":{"line":234,"column":14},"end":{"line":236,"column":null}},"110":{"start":{"line":235,"column":4},"end":{"line":235,"column":null}},"111":{"start":{"line":236,"column":4},"end":{"line":236,"column":null}},"112":{"start":{"line":239,"column":2},"end":{"line":239,"column":null}},"113":{"start":{"line":240,"column":2},"end":{"line":240,"column":null}},"114":{"start":{"line":240,"column":15},"end":{"line":240,"column":61}},"115":{"start":{"line":243,"column":7},"end":{"line":248,"column":null}},"116":{"start":{"line":245,"column":3},"end":{"line":245,"column":null}},"117":{"start":{"line":245,"column":20},"end":{"line":245,"column":39}},"118":{"start":{"line":246,"column":3},"end":{"line":246,"column":null}},"119":{"start":{"line":251,"column":1},"end":{"line":448,"column":null}},"120":{"start":{"line":264,"column":7},"end":{"line":275,"column":null}},"121":{"start":{"line":266,"column":23},"end":{"line":266,"column":36}},"122":{"start":{"line":320,"column":10},"end":{"line":323,"column":13}},"123":{"start":{"line":320,"column":27},"end":{"line":323,"column":13}},"124":{"start":{"line":329,"column":10},"end":{"line":331,"column":null}},"125":{"start":{"line":339,"column":11},"end":{"line":342,"column":14}},"126":{"start":{"line":339,"column":28},"end":{"line":342,"column":14}},"127":{"start":{"line":357,"column":10},"end":{"line":360,"column":13}},"128":{"start":{"line":357,"column":27},"end":{"line":360,"column":13}},"129":{"start":{"line":404,"column":24},"end":{"line":404,"column":54}},"130":{"start":{"line":431,"column":10},"end":{"line":434,"column":null}}},"fnMap":{"0":{"name":"(anonymous_0)","decl":{"start":{"line":13,"column":19},"end":{"line":13,"column":25}},"loc":{"start":{"line":13,"column":31},"end":{"line":13,"column":47}},"line":13},"1":{"name":"generateV4","decl":{"start":{"line":30,"column":9},"end":{"line":30,"column":30}},"loc":{"start":{"line":30,"column":30},"end":{"line":42,"column":null}},"line":30},"2":{"name":"(anonymous_2)","decl":{"start":{"line":39,"column":24},"end":{"line":39,"column":32}},"loc":{"start":{"line":39,"column":38},"end":{"line":39,"column":69}},"line":39},"3":{"name":"generateV7","decl":{"start":{"line":46,"column":9},"end":{"line":46,"column":30}},"loc":{"start":{"line":46,"column":30},"end":{"line":67,"column":null}},"line":46},"4":{"name":"(anonymous_4)","decl":{"start":{"line":64,"column":24},"end":{"line":64,"column":32}},"loc":{"start":{"line":64,"column":38},"end":{"line":64,"column":69}},"line":64},"5":{"name":"generateOne","decl":{"start":{"line":70,"column":9},"end":{"line":70,"column":21}},"loc":{"start":{"line":70,"column":51},"end":{"line":77,"column":null}},"line":70},"6":{"name":"formatUuid","decl":{"start":{"line":81,"column":9},"end":{"line":81,"column":20}},"loc":{"start":{"line":81,"column":61},"end":{"line":103,"column":null}},"line":81},"7":{"name":"formatBulk","decl":{"start":{"line":106,"column":9},"end":{"line":106,"column":20}},"loc":{"start":{"line":106,"column":71},"end":{"line":115,"column":null}},"line":106},"8":{"name":"(anonymous_8)","decl":{"start":{"line":115,"column":14},"end":{"line":115,"column":19}},"loc":{"start":{"line":115,"column":26},"end":{"line":115,"column":38}},"line":115},"9":{"name":"decodeUuid","decl":{"start":{"line":125,"column":9},"end":{"line":125,"column":20}},"loc":{"start":{"line":125,"column":56},"end":{"line":177,"column":null}},"line":125},"10":{"name":"isValidUuid","decl":{"start":{"line":180,"column":9},"end":{"line":180,"column":21}},"loc":{"start":{"line":180,"column":45},"end":{"line":189,"column":null}},"line":180},"11":{"name":"UuidTool","decl":{"start":{"line":192,"column":16},"end":{"line":192,"column":27}},"loc":{"start":{"line":192,"column":27},"end":{"line":448,"column":null}},"line":192},"12":{"name":"(anonymous_12)","decl":{"start":{"line":199,"column":29},"end":{"line":199,"column":null}},"loc":{"start":{"line":200,"column":2},"end":{"line":200,"column":58}},"line":200},"13":{"name":"(anonymous_13)","decl":{"start":{"line":205,"column":26},"end":{"line":205,"column":44}},"loc":{"start":{"line":205,"column":44},"end":{"line":207,"column":5}},"line":205},"14":{"name":"(anonymous_14)","decl":{"start":{"line":209,"column":22},"end":{"line":209,"column":40}},"loc":{"start":{"line":209,"column":40},"end":{"line":215,"column":5}},"line":209},"15":{"name":"(anonymous_15)","decl":{"start":{"line":211,"column":42},"end":{"line":211,"column":null}},"loc":{"start":{"line":212,"column":3},"end":{"line":212,"column":59}},"line":212},"16":{"name":"(anonymous_16)","decl":{"start":{"line":217,"column":22},"end":{"line":217,"column":36}},"loc":{"start":{"line":217,"column":36},"end":{"line":220,"column":5}},"line":217},"17":{"name":"(anonymous_17)","decl":{"start":{"line":222,"column":26},"end":{"line":222,"column":40}},"loc":{"start":{"line":222,"column":40},"end":{"line":225,"column":5}},"line":222},"18":{"name":"(anonymous_18)","decl":{"start":{"line":228,"column":1},"end":{"line":228,"column":17}},"loc":{"start":{"line":228,"column":17},"end":{"line":241,"column":5}},"line":228},"19":{"name":"(anonymous_19)","decl":{"start":{"line":229,"column":8},"end":{"line":229,"column":19}},"loc":{"start":{"line":229,"column":40},"end":{"line":236,"column":null}},"line":229},"20":{"name":"(anonymous_20)","decl":{"start":{"line":240,"column":2},"end":{"line":240,"column":15}},"loc":{"start":{"line":240,"column":15},"end":{"line":240,"column":61}},"line":240},"21":{"name":"(anonymous_21)","decl":{"start":{"line":243,"column":20},"end":{"line":243,"column":null}},"loc":{"start":{"line":244,"column":28},"end":{"line":248,"column":3}},"line":244},"22":{"name":"(anonymous_22)","decl":{"start":{"line":245,"column":3},"end":{"line":245,"column":13}},"loc":{"start":{"line":245,"column":20},"end":{"line":245,"column":39}},"line":245},"23":{"name":"(anonymous_23)","decl":{"start":{"line":263,"column":39},"end":{"line":263,"column":44}},"loc":{"start":{"line":264,"column":7},"end":{"line":275,"column":null}},"line":264},"24":{"name":"(anonymous_24)","decl":{"start":{"line":266,"column":8},"end":{"line":266,"column":23}},"loc":{"start":{"line":266,"column":23},"end":{"line":266,"column":36}},"line":266},"25":{"name":"(anonymous_25)","decl":{"start":{"line":319,"column":9},"end":{"line":319,"column":20}},"loc":{"start":{"line":320,"column":10},"end":{"line":323,"column":13}},"line":320},"26":{"name":"(anonymous_26)","decl":{"start":{"line":320,"column":10},"end":{"line":320,"column":20}},"loc":{"start":{"line":320,"column":27},"end":{"line":323,"column":13}},"line":320},"27":{"name":"(anonymous_27)","decl":{"start":{"line":328,"column":21},"end":{"line":328,"column":26}},"loc":{"start":{"line":329,"column":10},"end":{"line":331,"column":null}},"line":329},"28":{"name":"(anonymous_28)","decl":{"start":{"line":338,"column":10},"end":{"line":338,"column":21}},"loc":{"start":{"line":339,"column":11},"end":{"line":342,"column":14}},"line":339},"29":{"name":"(anonymous_29)","decl":{"start":{"line":339,"column":11},"end":{"line":339,"column":21}},"loc":{"start":{"line":339,"column":28},"end":{"line":342,"column":14}},"line":339},"30":{"name":"(anonymous_30)","decl":{"start":{"line":356,"column":9},"end":{"line":356,"column":20}},"loc":{"start":{"line":357,"column":10},"end":{"line":360,"column":13}},"line":357},"31":{"name":"(anonymous_31)","decl":{"start":{"line":357,"column":10},"end":{"line":357,"column":20}},"loc":{"start":{"line":357,"column":27},"end":{"line":360,"column":13}},"line":357},"32":{"name":"(anonymous_32)","decl":{"start":{"line":404,"column":7},"end":{"line":404,"column":18}},"loc":{"start":{"line":404,"column":24},"end":{"line":404,"column":54}},"line":404},"33":{"name":"(anonymous_33)","decl":{"start":{"line":430,"column":31},"end":{"line":430,"column":36}},"loc":{"start":{"line":431,"column":10},"end":{"line":434,"column":null}},"line":431}},"branchMap":{"0":{"loc":{"start":{"line":31,"column":1},"end":{"line":32,"column":null}},"type":"if","locations":[{"start":{"line":31,"column":1},"end":{"line":32,"column":null}},{"start":{},"end":{}}],"line":31},"1":{"loc":{"start":{"line":31,"column":5},"end":{"line":31,"column":57}},"type":"binary-expr","locations":[{"start":{"line":31,"column":5},"end":{"line":31,"column":38}},{"start":{"line":31,"column":38},"end":{"line":31,"column":57}}],"line":31},"2":{"loc":{"start":{"line":71,"column":1},"end":{"line":77,"column":null}},"type":"switch","locations":[{"start":{"line":72,"column":2},"end":{"line":73,"column":null}},{"start":{"line":74,"column":2},"end":{"line":75,"column":null}},{"start":{"line":76,"column":2},"end":{"line":77,"column":null}}],"line":71},"3":{"loc":{"start":{"line":86,"column":1},"end":{"line":101,"column":null}},"type":"if","locations":[{"start":{"line":86,"column":1},"end":{"line":101,"column":null}},{"start":{"line":100,"column":12},"end":{"line":101,"column":null}}],"line":86},"4":{"loc":{"start":{"line":87,"column":2},"end":{"line":98,"column":null}},"type":"switch","locations":[{"start":{"line":88,"column":3},"end":{"line":89,"column":null}},{"start":{"line":90,"column":3},"end":{"line":92,"column":null}},{"start":{"line":93,"column":3},"end":{"line":95,"column":null}},{"start":{"line":96,"column":3},"end":{"line":98,"column":null}}],"line":87},"5":{"loc":{"start":{"line":100,"column":12},"end":{"line":101,"column":null}},"type":"if","locations":[{"start":{"line":100,"column":12},"end":{"line":101,"column":null}},{"start":{},"end":{}}],"line":100},"6":{"loc":{"start":{"line":107,"column":1},"end":{"line":115,"column":null}},"type":"switch","locations":[{"start":{"line":108,"column":2},"end":{"line":109,"column":null}},{"start":{"line":110,"column":2},"end":{"line":111,"column":null}},{"start":{"line":112,"column":2},"end":{"line":113,"column":null}},{"start":{"line":114,"column":2},"end":{"line":115,"column":null}}],"line":107},"7":{"loc":{"start":{"line":127,"column":1},"end":{"line":131,"column":null}},"type":"if","locations":[{"start":{"line":127,"column":1},"end":{"line":131,"column":null}},{"start":{},"end":{}}],"line":127},"8":{"loc":{"start":{"line":128,"column":2},"end":{"line":129,"column":63}},"type":"binary-expr","locations":[{"start":{"line":128,"column":2},"end":{"line":128,"column":null}},{"start":{"line":129,"column":2},"end":{"line":129,"column":63}}],"line":128},"9":{"loc":{"start":{"line":133,"column":1},"end":{"line":133,"column":null}},"type":"if","locations":[{"start":{"line":133,"column":1},"end":{"line":133,"column":null}},{"start":{},"end":{}}],"line":133},"10":{"loc":{"start":{"line":137,"column":7},"end":{"line":142,"column":null}},"type":"cond-expr","locations":[{"start":{"line":139,"column":5},"end":{"line":139,"column":null}},{"start":{"line":139,"column":5},"end":{"line":142,"column":null}}],"line":137},"11":{"loc":{"start":{"line":139,"column":5},"end":{"line":142,"column":null}},"type":"cond-expr","locations":[{"start":{"line":141,"column":6},"end":{"line":141,"column":null}},{"start":{"line":142,"column":6},"end":{"line":142,"column":null}}],"line":139},"12":{"loc":{"start":{"line":144,"column":17},"end":{"line":144,"column":104}},"type":"binary-expr","locations":[{"start":{"line":144,"column":17},"end":{"line":144,"column":45}},{"start":{"line":144,"column":49},"end":{"line":144,"column":104}}],"line":144},"13":{"loc":{"start":{"line":147,"column":1},"end":{"line":174,"column":null}},"type":"if","locations":[{"start":{"line":147,"column":1},"end":{"line":174,"column":null}},{"start":{},"end":{}}],"line":147},"14":{"loc":{"start":{"line":147,"column":5},"end":{"line":147,"column":37}},"type":"binary-expr","locations":[{"start":{"line":147,"column":5},"end":{"line":147,"column":28}},{"start":{"line":147,"column":28},"end":{"line":147,"column":37}}],"line":147},"15":{"loc":{"start":{"line":170,"column":33},"end":{"line":170,"column":89}},"type":"cond-expr","locations":[{"start":{"line":170,"column":57},"end":{"line":170,"column":69}},{"start":{"line":170,"column":69},"end":{"line":170,"column":89}}],"line":170},"16":{"loc":{"start":{"line":182,"column":1},"end":{"line":186,"column":null}},"type":"if","locations":[{"start":{"line":182,"column":1},"end":{"line":186,"column":null}},{"start":{},"end":{}}],"line":182},"17":{"loc":{"start":{"line":183,"column":2},"end":{"line":184,"column":63}},"type":"binary-expr","locations":[{"start":{"line":183,"column":2},"end":{"line":183,"column":null}},{"start":{"line":184,"column":2},"end":{"line":184,"column":63}}],"line":183},"18":{"loc":{"start":{"line":188,"column":1},"end":{"line":188,"column":null}},"type":"if","locations":[{"start":{"line":188,"column":1},"end":{"line":188,"column":null}},{"start":{},"end":{}}],"line":188},"19":{"loc":{"start":{"line":218,"column":2},"end":{"line":218,"column":null}},"type":"if","locations":[{"start":{"line":218,"column":2},"end":{"line":218,"column":null}},{"start":{},"end":{}}],"line":218},"20":{"loc":{"start":{"line":223,"column":2},"end":{"line":223,"column":null}},"type":"if","locations":[{"start":{"line":223,"column":2},"end":{"line":223,"column":null}},{"start":{},"end":{}}],"line":223},"21":{"loc":{"start":{"line":230,"column":15},"end":{"line":230,"column":null}},"type":"binary-expr","locations":[{"start":{"line":230,"column":15},"end":{"line":230,"column":28}},{"start":{"line":230,"column":28},"end":{"line":230,"column":null}}],"line":230},"22":{"loc":{"start":{"line":231,"column":3},"end":{"line":236,"column":null}},"type":"if","locations":[{"start":{"line":231,"column":3},"end":{"line":236,"column":null}},{"start":{"line":234,"column":14},"end":{"line":236,"column":null}}],"line":231},"23":{"loc":{"start":{"line":231,"column":7},"end":{"line":231,"column":33}},"type":"binary-expr","locations":[{"start":{"line":231,"column":7},"end":{"line":231,"column":14}},{"start":{"line":231,"column":14},"end":{"line":231,"column":33}}],"line":231},"24":{"loc":{"start":{"line":234,"column":14},"end":{"line":236,"column":null}},"type":"if","locations":[{"start":{"line":234,"column":14},"end":{"line":236,"column":null}},{"start":{},"end":{}}],"line":234},"25":{"loc":{"start":{"line":234,"column":14},"end":{"line":234,"column":72}},"type":"binary-expr","locations":[{"start":{"line":234,"column":14},"end":{"line":234,"column":21}},{"start":{"line":234,"column":21},"end":{"line":234,"column":38}},{"start":{"line":234,"column":38},"end":{"line":234,"column":72}}],"line":234},"26":{"loc":{"start":{"line":269,"column":9},"end":{"line":271,"column":null}},"type":"cond-expr","locations":[{"start":{"line":270,"column":12},"end":{"line":270,"column":null}},{"start":{"line":271,"column":12},"end":{"line":271,"column":null}}],"line":269},"27":{"loc":{"start":{"line":274,"column":9},"end":{"line":274,"column":null}},"type":"cond-expr","locations":[{"start":{"line":274,"column":24},"end":{"line":274,"column":33}},{"start":{"line":274,"column":33},"end":{"line":274,"column":null}}],"line":274},"28":{"loc":{"start":{"line":281,"column":7},"end":{"line":281,"column":null}},"type":"binary-expr","locations":[{"start":{"line":281,"column":7},"end":{"line":281,"column":33}},{"start":{"line":281,"column":33},"end":{"line":281,"column":null}}],"line":281},"29":{"loc":{"start":{"line":282,"column":7},"end":{"line":282,"column":null}},"type":"binary-expr","locations":[{"start":{"line":282,"column":7},"end":{"line":282,"column":33}},{"start":{"line":282,"column":33},"end":{"line":282,"column":null}}],"line":282},"30":{"loc":{"start":{"line":283,"column":7},"end":{"line":283,"column":null}},"type":"binary-expr","locations":[{"start":{"line":283,"column":7},"end":{"line":283,"column":35}},{"start":{"line":283,"column":35},"end":{"line":283,"column":null}}],"line":283},"31":{"loc":{"start":{"line":289,"column":15},"end":{"line":289,"column":null}},"type":"cond-expr","locations":[{"start":{"line":289,"column":42},"end":{"line":289,"column":51}},{"start":{"line":289,"column":51},"end":{"line":289,"column":null}}],"line":289},"32":{"loc":{"start":{"line":335,"column":9},"end":{"line":350,"column":null}},"type":"binary-expr","locations":[{"start":{"line":335,"column":9},"end":{"line":335,"column":null}},{"start":{"line":336,"column":9},"end":{"line":350,"column":null}}],"line":335},"33":{"loc":{"start":{"line":378,"column":7},"end":{"line":391,"column":null}},"type":"binary-expr","locations":[{"start":{"line":378,"column":7},"end":{"line":378,"column":null}},{"start":{"line":379,"column":7},"end":{"line":391,"column":null}}],"line":378},"34":{"loc":{"start":{"line":387,"column":10},"end":{"line":387,"column":null}},"type":"cond-expr","locations":[{"start":{"line":387,"column":48},"end":{"line":387,"column":57}},{"start":{"line":387,"column":57},"end":{"line":387,"column":null}}],"line":387},"35":{"loc":{"start":{"line":409,"column":7},"end":{"line":420,"column":null}},"type":"binary-expr","locations":[{"start":{"line":409,"column":7},"end":{"line":409,"column":25}},{"start":{"line":409,"column":29},"end":{"line":409,"column":null}},{"start":{"line":410,"column":6},"end":{"line":420,"column":null}}],"line":409},"36":{"loc":{"start":{"line":411,"column":8},"end":{"line":418,"column":null}},"type":"cond-expr","locations":[{"start":{"line":412,"column":8},"end":{"line":416,"column":9}},{"start":{"line":416,"column":8},"end":{"line":418,"column":null}}],"line":411},"37":{"loc":{"start":{"line":422,"column":7},"end":{"line":436,"column":null}},"type":"binary-expr","locations":[{"start":{"line":422,"column":7},"end":{"line":422,"column":null}},{"start":{"line":423,"column":6},"end":{"line":436,"column":null}}],"line":422},"38":{"loc":{"start":{"line":428,"column":8},"end":{"line":436,"column":null}},"type":"binary-expr","locations":[{"start":{"line":428,"column":8},"end":{"line":428,"column":null}},{"start":{"line":429,"column":8},"end":{"line":436,"column":null}}],"line":428},"39":{"loc":{"start":{"line":440,"column":7},"end":{"line":443,"column":null}},"type":"binary-expr","locations":[{"start":{"line":440,"column":7},"end":{"line":440,"column":25}},{"start":{"line":440,"column":29},"end":{"line":440,"column":null}},{"start":{"line":441,"column":7},"end":{"line":443,"column":null}}],"line":440}},"s":{"0":1,"1":15,"2":1,"3":1,"4":46,"5":46,"6":0,"7":0,"8":0,"9":0,"10":0,"11":0,"12":0,"13":2,"14":2,"15":2,"16":2,"17":2,"18":2,"19":2,"20":2,"21":2,"22":2,"23":2,"24":2,"25":32,"26":2,"27":50,"28":46,"29":2,"30":2,"31":50,"32":50,"33":50,"34":48,"35":45,"36":1,"37":1,"38":1,"39":1,"40":1,"41":1,"42":2,"43":0,"44":50,"45":5,"46":3,"47":1,"48":0,"49":1,"50":5,"51":6,"52":6,"53":1,"54":5,"55":2,"56":3,"57":3,"58":3,"59":3,"60":6,"61":6,"62":1,"63":1,"64":1,"65":1,"66":1,"67":1,"68":1,"69":1,"70":1,"71":1,"72":1,"73":1,"74":1,"75":1,"76":2,"77":6,"78":6,"79":1,"80":5,"81":2,"82":3,"83":54,"84":54,"85":26,"86":54,"87":54,"88":54,"89":3,"90":54,"91":5,"92":5,"93":17,"94":5,"95":54,"96":32,"97":26,"98":6,"99":54,"100":32,"101":26,"102":6,"103":54,"104":36,"105":1,"106":1,"107":1,"108":1,"109":0,"110":0,"111":0,"112":36,"113":36,"114":36,"115":54,"116":4,"117":4,"118":4,"119":54,"120":162,"121":4,"122":5,"123":5,"124":324,"125":3,"126":3,"127":2,"128":2,"129":6,"130":3},"f":{"0":15,"1":46,"2":0,"3":2,"4":32,"5":50,"6":50,"7":5,"8":5,"9":6,"10":6,"11":54,"12":26,"13":3,"14":5,"15":17,"16":32,"17":32,"18":36,"19":1,"20":36,"21":4,"22":4,"23":162,"24":4,"25":5,"26":5,"27":324,"28":3,"29":3,"30":2,"31":2,"32":6,"33":3},"b":{"0":[46,0],"1":[46,46],"2":[46,2,2],"3":[48,2],"4":[45,1,1,1],"5":[0,2],"6":[3,1,0,1],"7":[1,5],"8":[6,1],"9":[2,3],"10":[3,0],"11":[0,0],"12":[6,3],"13":[1,5],"14":[6,1],"15":[0,1],"16":[1,5],"17":[6,1],"18":[2,3],"19":[26,6],"20":[26,6],"21":[1,1],"22":[1,0],"23":[1,1],"24":[0,0],"25":[0,0,0],"26":[54,108],"27":[54,108],"28":[54,50],"29":[54,2],"30":[54,2],"31":[2,52],"32":[54,52],"33":[54,5],"34":[1,4],"35":[54,6,6],"36":[4,2],"37":[54,4],"38":[4,1],"39":[54,6,2]},"meta":{"lastBranch":40,"lastFunction":34,"lastStatement":131,"seen":{"s:13:13:13:47":0,"f:13:19:13:25":0,"s:13:31:13:47":1,"s:26:19:26:Infinity":2,"s:27:17:27:Infinity":3,"f:30:9:30:30":1,"b:31:1:32:Infinity:undefined:undefined:undefined:undefined":0,"s:31:1:32:Infinity":4,"b:31:5:31:38:31:38:31:57":1,"s:32:2:32:Infinity":5,"s:35:15:35:33":6,"s:36:1:36:Infinity":7,"s:37:1:37:Infinity":8,"s:38:1:38:Infinity":9,"s:39:13:40:Infinity":10,"f:39:24:39:32":2,"s:39:38:39:69":11,"s:42:1:42:Infinity":12,"f:46:9:46:30":3,"s:47:13:47:23":13,"s:48:15:48:33":14,"s:49:1:49:Infinity":15,"s:52:1:52:Infinity":16,"s:53:1:53:Infinity":17,"s:54:1:54:Infinity":18,"s:55:1:55:Infinity":19,"s:56:1:56:Infinity":20,"s:57:1:57:Infinity":21,"s:60:1:60:Infinity":22,"s:62:1:62:Infinity":23,"s:64:13:65:Infinity":24,"f:64:24:64:32":4,"s:64:38:64:69":25,"s:67:1:67:Infinity":26,"f:70:9:70:21":5,"b:72:2:73:Infinity:74:2:75:Infinity:76:2:77:Infinity":2,"s:71:1:77:Infinity":27,"s:73:3:73:Infinity":28,"s:75:3:75:Infinity":29,"s:77:3:77:Infinity":30,"f:81:9:81:20":6,"s:83:16:83:Infinity":31,"s:85:14:85:Infinity":32,"b:86:1:101:Infinity:100:12:101:Infinity":3,"s:86:1:101:Infinity":33,"b:88:3:89:Infinity:90:3:92:Infinity:93:3:95:Infinity:96:3:98:Infinity":4,"s:87:2:98:Infinity":34,"s:89:4:89:Infinity":35,"s:91:4:91:Infinity":36,"s:92:4:92:Infinity":37,"s:94:4:94:Infinity":38,"s:95:4:95:Infinity":39,"s:97:4:97:Infinity":40,"s:98:4:98:Infinity":41,"b:100:12:101:Infinity:undefined:undefined:undefined:undefined":5,"s:100:12:101:Infinity":42,"s:101:2:101:Infinity":43,"s:103:1:103:Infinity":44,"f:106:9:106:20":7,"b:108:2:109:Infinity:110:2:111:Infinity:112:2:113:Infinity:114:2:115:Infinity":6,"s:107:1:115:Infinity":45,"s:109:3:109:Infinity":46,"s:111:3:111:Infinity":47,"s:113:3:113:Infinity":48,"s:115:3:115:Infinity":49,"f:115:14:115:19":8,"s:115:26:115:38":50,"f:125:9:125:20":9,"s:126:15:126:56":51,"b:127:1:131:Infinity:undefined:undefined:undefined:undefined":7,"s:127:1:131:Infinity":52,"b:128:2:128:Infinity:129:2:129:63":8,"s:131:2:131:Infinity":53,"b:133:1:133:Infinity:undefined:undefined:undefined:undefined":9,"s:133:1:133:Infinity":54,"s:133:26:133:Infinity":55,"s:134:21:134:Infinity":56,"s:135:21:135:44":57,"s:136:17:136:Infinity":58,"s:137:7:142:Infinity":59,"b:139:5:139:Infinity:139:5:142:Infinity":10,"b:141:6:141:Infinity:142:6:142:Infinity":11,"s:144:17:144:104":60,"b:144:17:144:45:144:49:144:104":12,"b:147:1:174:Infinity:undefined:undefined:undefined:undefined":13,"s:147:1:174:Infinity":61,"b:147:5:147:28:147:28:147:37":14,"s:148:18:148:35":62,"s:149:18:149:36":63,"s:150:17:150:36":64,"s:151:25:151:66":65,"s:153:28:153:56":66,"s:154:20:154:Infinity":67,"s:155:17:155:50":68,"s:156:15:156:31":69,"s:158:21:158:Infinity":70,"s:159:22:159:55":71,"s:161:8:161:Infinity":72,"s:163:15:163:34":73,"s:164:23:164:53":74,"s:166:2:174:Infinity":75,"b:170:57:170:69:170:69:170:89":15,"s:177:1:177:Infinity":76,"f:180:9:180:21":10,"s:181:15:181:56":77,"b:182:1:186:Infinity:undefined:undefined:undefined:undefined":16,"s:182:1:186:Infinity":78,"b:183:2:183:Infinity:184:2:184:63":17,"s:186:2:186:Infinity":79,"b:188:1:188:Infinity:undefined:undefined:undefined:undefined":18,"s:188:1:188:Infinity":80,"s:188:26:188:Infinity":81,"s:189:1:189:Infinity":82,"f:192:16:192:27":11,"s:193:15:198:3":83,"s:199:16:200:Infinity":84,"f:199:29:199:Infinity":12,"s:200:2:200:58":85,"s:202:14:202:37":86,"s:203:21:203:51":87,"s:205:7:207:38":88,"f:205:26:205:44":13,"s:206:2:206:Infinity":89,"s:209:7:215:12":90,"f:209:22:209:40":14,"s:210:16:210:50":91,"s:211:14:212:Infinity":92,"f:211:42:211:Infinity":15,"s:212:3:212:59":93,"s:214:2:214:Infinity":94,"s:217:7:220:18":95,"f:217:22:217:36":16,"b:218:2:218:Infinity:undefined:undefined:undefined:undefined":19,"s:218:2:218:Infinity":96,"s:218:27:218:Infinity":97,"s:219:2:219:Infinity":98,"s:222:7:225:18":99,"f:222:26:222:40":17,"b:223:2:223:Infinity:undefined:undefined:undefined:undefined":20,"s:223:2:223:Infinity":100,"s:223:27:223:Infinity":101,"s:224:2:224:Infinity":102,"s:228:1:241:Infinity":103,"f:228:1:228:17":18,"s:229:8:236:Infinity":104,"f:229:8:229:19":19,"s:230:15:230:Infinity":105,"b:230:15:230:28:230:28:230:Infinity":21,"b:231:3:236:Infinity:234:14:236:Infinity":22,"s:231:3:236:Infinity":106,"b:231:7:231:14:231:14:231:33":23,"s:232:4:232:Infinity":107,"s:233:4:233:Infinity":108,"b:234:14:236:Infinity:undefined:undefined:undefined:undefined":24,"s:234:14:236:Infinity":109,"b:234:14:234:21:234:21:234:38:234:38:234:72":25,"s:235:4:235:Infinity":110,"s:236:4:236:Infinity":111,"s:239:2:239:Infinity":112,"s:240:2:240:Infinity":113,"f:240:2:240:15":20,"s:240:15:240:61":114,"s:243:7:248:Infinity":115,"f:243:20:243:Infinity":21,"s:245:3:245:Infinity":116,"f:245:3:245:13":22,"s:245:20:245:39":117,"s:246:3:246:Infinity":118,"s:251:1:448:Infinity":119,"f:263:39:263:44":23,"s:264:7:275:Infinity":120,"f:266:8:266:23":24,"s:266:23:266:36":121,"b:270:12:270:Infinity:271:12:271:Infinity":26,"b:274:24:274:33:274:33:274:Infinity":27,"b:281:7:281:33:281:33:281:Infinity":28,"b:282:7:282:33:282:33:282:Infinity":29,"b:283:7:283:35:283:35:283:Infinity":30,"b:289:42:289:51:289:51:289:Infinity":31,"f:319:9:319:20":25,"s:320:10:323:13":122,"f:320:10:320:20":26,"s:320:27:323:13":123,"f:328:21:328:26":27,"s:329:10:331:Infinity":124,"b:335:9:335:Infinity:336:9:350:Infinity":32,"f:338:10:338:21":28,"s:339:11:342:14":125,"f:339:11:339:21":29,"s:339:28:342:14":126,"f:356:9:356:20":30,"s:357:10:360:13":127,"f:357:10:357:20":31,"s:357:27:360:13":128,"b:378:7:378:Infinity:379:7:391:Infinity":33,"b:387:48:387:57:387:57:387:Infinity":34,"f:404:7:404:18":32,"s:404:24:404:54":129,"b:409:7:409:25:409:29:409:Infinity:410:6:420:Infinity":35,"b:412:8:416:9:416:8:418:Infinity":36,"b:422:7:422:Infinity:423:6:436:Infinity":37,"b:428:8:428:Infinity:429:8:436:Infinity":38,"f:430:31:430:36":33,"s:431:10:434:Infinity":130,"b:440:7:440:25:440:29:440:Infinity:441:7:443:Infinity":39}}}
,"W:\\Projects\\dev-tools\\devtools\\src\\lib\\clipboard.ts": {"path":"W:\\Projects\\dev-tools\\devtools\\src\\lib\\clipboard.ts","statementMap":{"0":{"start":{"line":2,"column":2},"end":{"line":20,"column":null}},"1":{"start":{"line":3,"column":4},"end":{"line":5,"column":null}},"2":{"start":{"line":4,"column":6},"end":{"line":4,"column":null}},"3":{"start":{"line":5,"column":6},"end":{"line":5,"column":null}},"4":{"start":{"line":8,"column":21},"end":{"line":8,"column":55}},"5":{"start":{"line":9,"column":4},"end":{"line":9,"column":null}},"6":{"start":{"line":10,"column":4},"end":{"line":10,"column":null}},"7":{"start":{"line":11,"column":4},"end":{"line":11,"column":null}},"8":{"start":{"line":12,"column":4},"end":{"line":12,"column":null}},"9":{"start":{"line":13,"column":4},"end":{"line":13,"column":null}},"10":{"start":{"line":14,"column":4},"end":{"line":14,"column":null}},"11":{"start":{"line":15,"column":4},"end":{"line":15,"column":null}},"12":{"start":{"line":16,"column":20},"end":{"line":16,"column":48}},"13":{"start":{"line":17,"column":4},"end":{"line":17,"column":null}},"14":{"start":{"line":18,"column":4},"end":{"line":18,"column":null}},"15":{"start":{"line":20,"column":4},"end":{"line":20,"column":null}}},"fnMap":{"0":{"name":"copyToClipboard","decl":{"start":{"line":1,"column":22},"end":{"line":1,"column":38}},"loc":{"start":{"line":1,"column":70},"end":{"line":20,"column":null}},"line":1}},"branchMap":{"0":{"loc":{"start":{"line":3,"column":4},"end":{"line":5,"column":null}},"type":"if","locations":[{"start":{"line":3,"column":4},"end":{"line":5,"column":null}},{"start":{},"end":{}}],"line":3},"1":{"loc":{"start":{"line":3,"column":8},"end":{"line":3,"column":55}},"type":"binary-expr","locations":[{"start":{"line":3,"column":8},"end":{"line":3,"column":31}},{"start":{"line":3,"column":31},"end":{"line":3,"column":55}}],"line":3}},"s":{"0":0,"1":0,"2":0,"3":0,"4":0,"5":0,"6":0,"7":0,"8":0,"9":0,"10":0,"11":0,"12":0,"13":0,"14":0,"15":0},"f":{"0":0},"b":{"0":[0,0],"1":[0,0]},"meta":{"lastBranch":2,"lastFunction":1,"lastStatement":16,"seen":{"f:1:22:1:38":0,"s:2:2:20:Infinity":0,"b:3:4:5:Infinity:undefined:undefined:undefined:undefined":0,"s:3:4:5:Infinity":1,"b:3:8:3:31:3:31:3:55":1,"s:4:6:4:Infinity":2,"s:5:6:5:Infinity":3,"s:8:21:8:55":4,"s:9:4:9:Infinity":5,"s:10:4:10:Infinity":6,"s:11:4:11:Infinity":7,"s:12:4:12:Infinity":8,"s:13:4:13:Infinity":9,"s:14:4:14:Infinity":10,"s:15:4:15:Infinity":11,"s:16:20:16:48":12,"s:17:4:17:Infinity":13,"s:18:4:18:Infinity":14,"s:20:4:20:Infinity":15}}}
,"W:\\Projects\\dev-tools\\devtools\\src\\lib\\constants.ts": {"path":"W:\\Projects\\dev-tools\\devtools\\src\\lib\\constants.ts","statementMap":{"0":{"start":{"line":43,"column":47},"end":{"line":50,"column":null}},"1":{"start":{"line":52,"column":29},"end":{"line":248,"column":null}},"2":{"start":{"line":251,"column":18},"end":{"line":251,"column":20}},"3":{"start":{"line":252,"column":2},"end":{"line":253,"column":null}},"4":{"start":{"line":253,"column":4},"end":{"line":253,"column":null}},"5":{"start":{"line":253,"column":39},"end":{"line":253,"column":58}},"6":{"start":{"line":255,"column":2},"end":{"line":255,"column":null}},"7":{"start":{"line":259,"column":12},"end":{"line":259,"column":38}},"8":{"start":{"line":260,"column":2},"end":{"line":260,"column":null}},"9":{"start":{"line":260,"column":10},"end":{"line":260,"column":null}},"10":{"start":{"line":261,"column":2},"end":{"line":266,"column":null}},"11":{"start":{"line":263,"column":6},"end":{"line":265,"column":43}},"12":{"start":{"line":265,"column":29},"end":{"line":265,"column":42}}},"fnMap":{"0":{"name":"getToolsByCategory","decl":{"start":{"line":250,"column":16},"end":{"line":250,"column":67}},"loc":{"start":{"line":250,"column":67},"end":{"line":255,"column":null}},"line":250},"1":{"name":"(anonymous_1)","decl":{"start":{"line":253,"column":25},"end":{"line":253,"column":33}},"loc":{"start":{"line":253,"column":39},"end":{"line":253,"column":58}},"line":253},"2":{"name":"searchTools","decl":{"start":{"line":258,"column":16},"end":{"line":258,"column":28}},"loc":{"start":{"line":258,"column":51},"end":{"line":266,"column":null}},"line":258},"3":{"name":"(anonymous_3)","decl":{"start":{"line":261,"column":15},"end":{"line":261,"column":null}},"loc":{"start":{"line":263,"column":6},"end":{"line":265,"column":43}},"line":263},"4":{"name":"(anonymous_4)","decl":{"start":{"line":265,"column":17},"end":{"line":265,"column":23}},"loc":{"start":{"line":265,"column":29},"end":{"line":265,"column":42}},"line":265}},"branchMap":{"0":{"loc":{"start":{"line":260,"column":2},"end":{"line":260,"column":null}},"type":"if","locations":[{"start":{"line":260,"column":2},"end":{"line":260,"column":null}},{"start":{},"end":{}}],"line":260},"1":{"loc":{"start":{"line":263,"column":6},"end":{"line":265,"column":43}},"type":"binary-expr","locations":[{"start":{"line":263,"column":6},"end":{"line":263,"column":38}},{"start":{"line":264,"column":6},"end":{"line":264,"column":45}},{"start":{"line":265,"column":6},"end":{"line":265,"column":43}}],"line":263}},"s":{"0":1,"1":1,"2":0,"3":0,"4":0,"5":0,"6":0,"7":0,"8":0,"9":0,"10":0,"11":0,"12":0},"f":{"0":0,"1":0,"2":0,"3":0,"4":0},"b":{"0":[0,0],"1":[0,0,0]},"meta":{"lastBranch":2,"lastFunction":5,"lastStatement":13,"seen":{"s:43:47:50:Infinity":0,"s:52:29:248:Infinity":1,"f:250:16:250:67":0,"s:251:18:251:20":2,"s:252:2:253:Infinity":3,"s:253:4:253:Infinity":4,"f:253:25:253:33":1,"s:253:39:253:58":5,"s:255:2:255:Infinity":6,"f:258:16:258:28":2,"s:259:12:259:38":7,"b:260:2:260:Infinity:undefined:undefined:undefined:undefined":0,"s:260:2:260:Infinity":8,"s:260:10:260:Infinity":9,"s:261:2:266:Infinity":10,"f:261:15:261:Infinity":3,"s:263:6:265:43":11,"b:263:6:263:38:264:6:264:45:265:6:265:43":1,"f:265:17:265:23":4,"s:265:29:265:42":12}}}
,"W:\\Projects\\dev-tools\\devtools\\src\\lib\\use-local-storage.ts": {"path":"W:\\Projects\\dev-tools\\devtools\\src\\lib\\use-local-storage.ts","statementMap":{"0":{"start":{"line":4,"column":2},"end":{"line":4,"column":null}},"1":{"start":{"line":4,"column":37},"end":{"line":4,"column":null}},"2":{"start":{"line":5,"column":2},"end":{"line":10,"column":null}},"3":{"start":{"line":6,"column":17},"end":{"line":6,"column":49}},"4":{"start":{"line":7,"column":4},"end":{"line":7,"column":null}},"5":{"start":{"line":7,"column":23},"end":{"line":7,"column":null}},"6":{"start":{"line":8,"column":4},"end":{"line":8,"column":null}},"7":{"start":{"line":10,"column":4},"end":{"line":10,"column":null}},"8":{"start":{"line":15,"column":22},"end":{"line":15,"column":92}},"9":{"start":{"line":15,"column":58},"end":{"line":15,"column":91}},"10":{"start":{"line":17,"column":8},"end":{"line":29,"column":null}},"11":{"start":{"line":19,"column":6},"end":{"line":27,"column":null}},"12":{"start":{"line":20,"column":26},"end":{"line":20,"column":null}},"13":{"start":{"line":21,"column":8},"end":{"line":23,"column":null}},"14":{"start":{"line":22,"column":10},"end":{"line":22,"column":null}},"15":{"start":{"line":26,"column":8},"end":{"line":26,"column":null}},"16":{"start":{"line":33,"column":2},"end":{"line":41,"column":null}},"17":{"start":{"line":34,"column":10},"end":{"line":36,"column":null}},"18":{"start":{"line":35,"column":6},"end":{"line":36,"column":null}},"19":{"start":{"line":36,"column":8},"end":{"line":36,"column":null}},"20":{"start":{"line":39,"column":4},"end":{"line":39,"column":null}},"21":{"start":{"line":40,"column":4},"end":{"line":40,"column":null}},"22":{"start":{"line":40,"column":17},"end":{"line":40,"column":63}},"23":{"start":{"line":43,"column":2},"end":{"line":43,"column":null}}},"fnMap":{"0":{"name":"getStoredValue","decl":{"start":{"line":3,"column":9},"end":{"line":3,"column":27}},"loc":{"start":{"line":3,"column":60},"end":{"line":10,"column":null}},"line":3},"1":{"name":"useLocalStorage","decl":{"start":{"line":14,"column":16},"end":{"line":14,"column":35}},"loc":{"start":{"line":14,"column":109},"end":{"line":43,"column":null}},"line":14},"2":{"name":"(anonymous_2)","decl":{"start":{"line":15,"column":40},"end":{"line":15,"column":58}},"loc":{"start":{"line":15,"column":58},"end":{"line":15,"column":91}},"line":15},"3":{"name":"(anonymous_3)","decl":{"start":{"line":17,"column":19},"end":{"line":17,"column":null}},"loc":{"start":{"line":18,"column":37},"end":{"line":29,"column":5}},"line":18},"4":{"name":"(anonymous_4)","decl":{"start":{"line":19,"column":6},"end":{"line":19,"column":22}},"loc":{"start":{"line":19,"column":31},"end":{"line":27,"column":null}},"line":19},"5":{"name":"(anonymous_5)","decl":{"start":{"line":33,"column":2},"end":{"line":33,"column":18}},"loc":{"start":{"line":33,"column":18},"end":{"line":41,"column":6}},"line":33},"6":{"name":"(anonymous_6)","decl":{"start":{"line":34,"column":10},"end":{"line":34,"column":21}},"loc":{"start":{"line":34,"column":41},"end":{"line":36,"column":null}},"line":34},"7":{"name":"(anonymous_7)","decl":{"start":{"line":40,"column":4},"end":{"line":40,"column":17}},"loc":{"start":{"line":40,"column":17},"end":{"line":40,"column":63}},"line":40}},"branchMap":{"0":{"loc":{"start":{"line":4,"column":2},"end":{"line":4,"column":null}},"type":"if","locations":[{"start":{"line":4,"column":2},"end":{"line":4,"column":null}},{"start":{},"end":{}}],"line":4},"1":{"loc":{"start":{"line":7,"column":4},"end":{"line":7,"column":null}},"type":"if","locations":[{"start":{"line":7,"column":4},"end":{"line":7,"column":null}},{"start":{},"end":{}}],"line":7},"2":{"loc":{"start":{"line":20,"column":26},"end":{"line":20,"column":null}},"type":"cond-expr","locations":[{"start":{"line":20,"column":54},"end":{"line":20,"column":65}},{"start":{"line":20,"column":68},"end":{"line":20,"column":null}}],"line":20},"3":{"loc":{"start":{"line":35,"column":6},"end":{"line":36,"column":null}},"type":"if","locations":[{"start":{"line":35,"column":6},"end":{"line":36,"column":null}},{"start":{},"end":{}}],"line":35},"4":{"loc":{"start":{"line":36,"column":23},"end":{"line":36,"column":83}},"type":"cond-expr","locations":[{"start":{"line":36,"column":45},"end":{"line":36,"column":61}},{"start":{"line":36,"column":61},"end":{"line":36,"column":83}}],"line":36}},"s":{"0":52,"1":0,"2":52,"3":52,"4":52,"5":52,"6":0,"7":0,"8":80,"9":52,"10":80,"11":14,"12":14,"13":14,"14":14,"15":14,"16":80,"17":80,"18":0,"19":0,"20":80,"21":80,"22":80,"23":80},"f":{"0":52,"1":80,"2":52,"3":14,"4":14,"5":80,"6":0,"7":80},"b":{"0":[0,52],"1":[52,0],"2":[14,0],"3":[0,0],"4":[0,0]},"meta":{"lastBranch":5,"lastFunction":8,"lastStatement":24,"seen":{"f:3:9:3:27":0,"b:4:2:4:Infinity:undefined:undefined:undefined:undefined":0,"s:4:2:4:Infinity":0,"s:4:37:4:Infinity":1,"s:5:2:10:Infinity":2,"s:6:17:6:49":3,"b:7:4:7:Infinity:undefined:undefined:undefined:undefined":1,"s:7:4:7:Infinity":4,"s:7:23:7:Infinity":5,"s:8:4:8:Infinity":6,"s:10:4:10:Infinity":7,"f:14:16:14:35":1,"s:15:22:15:92":8,"f:15:40:15:58":2,"s:15:58:15:91":9,"s:17:8:29:Infinity":10,"f:17:19:17:Infinity":3,"s:19:6:27:Infinity":11,"f:19:6:19:22":4,"s:20:26:20:Infinity":12,"b:20:54:20:65:20:68:20:Infinity":2,"s:21:8:23:Infinity":13,"s:22:10:22:Infinity":14,"s:26:8:26:Infinity":15,"s:33:2:41:Infinity":16,"f:33:2:33:18":5,"s:34:10:36:Infinity":17,"f:34:10:34:21":6,"b:35:6:36:Infinity:undefined:undefined:undefined:undefined":3,"s:35:6:36:Infinity":18,"s:36:8:36:Infinity":19,"b:36:45:36:61:36:61:36:83":4,"s:39:4:39:Infinity":20,"s:40:4:40:Infinity":21,"f:40:4:40:17":7,"s:40:17:40:63":22,"s:43:2:43:Infinity":23}}}
,"W:\\Projects\\dev-tools\\devtools\\src\\lib\\utils.ts": {"path":"W:\\Projects\\dev-tools\\devtools\\src\\lib\\utils.ts","statementMap":{"0":{"start":{"line":5,"column":2},"end":{"line":5,"column":null}},"1":{"start":{"line":9,"column":2},"end":{"line":9,"column":null}},"2":{"start":{"line":9,"column":19},"end":{"line":9,"column":null}},"3":{"start":{"line":10,"column":12},"end":{"line":10,"column":null}},"4":{"start":{"line":11,"column":16},"end":{"line":11,"column":null}},"5":{"start":{"line":12,"column":12},"end":{"line":12,"column":53}},"6":{"start":{"line":13,"column":2},"end":{"line":13,"column":null}},"7":{"start":{"line":17,"column":2},"end":{"line":17,"column":null}},"8":{"start":{"line":17,"column":14},"end":{"line":17,"column":null}},"9":{"start":{"line":18,"column":2},"end":{"line":18,"column":null}},"10":{"start":{"line":18,"column":17},"end":{"line":18,"column":null}},"11":{"start":{"line":19,"column":2},"end":{"line":19,"column":null}}},"fnMap":{"0":{"name":"cn","decl":{"start":{"line":4,"column":16},"end":{"line":4,"column":19}},"loc":{"start":{"line":4,"column":44},"end":{"line":5,"column":null}},"line":4},"1":{"name":"formatBytes","decl":{"start":{"line":8,"column":16},"end":{"line":8,"column":28}},"loc":{"start":{"line":8,"column":51},"end":{"line":13,"column":null}},"line":8},"2":{"name":"formatDuration","decl":{"start":{"line":16,"column":16},"end":{"line":16,"column":31}},"loc":{"start":{"line":16,"column":51},"end":{"line":19,"column":null}},"line":16}},"branchMap":{"0":{"loc":{"start":{"line":9,"column":2},"end":{"line":9,"column":null}},"type":"if","locations":[{"start":{"line":9,"column":2},"end":{"line":9,"column":null}},{"start":{},"end":{}}],"line":9},"1":{"loc":{"start":{"line":17,"column":2},"end":{"line":17,"column":null}},"type":"if","locations":[{"start":{"line":17,"column":2},"end":{"line":17,"column":null}},{"start":{},"end":{}}],"line":17},"2":{"loc":{"start":{"line":18,"column":2},"end":{"line":18,"column":null}},"type":"if","locations":[{"start":{"line":18,"column":2},"end":{"line":18,"column":null}},{"start":{},"end":{}}],"line":18}},"s":{"0":275,"1":0,"2":0,"3":0,"4":0,"5":0,"6":0,"7":0,"8":0,"9":0,"10":0,"11":0},"f":{"0":275,"1":0,"2":0},"b":{"0":[0,0],"1":[0,0],"2":[0,0]},"meta":{"lastBranch":3,"lastFunction":3,"lastStatement":12,"seen":{"f:4:16:4:19":0,"s:5:2:5:Infinity":0,"f:8:16:8:28":1,"b:9:2:9:Infinity:undefined:undefined:undefined:undefined":0,"s:9:2:9:Infinity":1,"s:9:19:9:Infinity":2,"s:10:12:10:Infinity":3,"s:11:16:11:Infinity":4,"s:12:12:12:53":5,"s:13:2:13:Infinity":6,"f:16:16:16:31":2,"b:17:2:17:Infinity:undefined:undefined:undefined:undefined":1,"s:17:2:17:Infinity":7,"s:17:14:17:Infinity":8,"b:18:2:18:Infinity:undefined:undefined:undefined:undefined":2,"s:18:2:18:Infinity":9,"s:18:17:18:Infinity":10,"s:19:2:19:Infinity":11}}}
,"W:\\Projects\\dev-tools\\devtools\\src\\test\\mock-monaco.tsx": {"path":"W:\\Projects\\dev-tools\\devtools\\src\\test\\mock-monaco.tsx","statementMap":{"0":{"start":{"line":4,"column":0},"end":{"line":25,"column":null}},"1":{"start":{"line":4,"column":39},"end":{"line":25,"column":3}},"2":{"start":{"line":16,"column":2},"end":{"line":22,"column":null}},"3":{"start":{"line":21,"column":21},"end":{"line":21,"column":null}}},"fnMap":{"0":{"name":"(anonymous_0)","decl":{"start":{"line":4,"column":8},"end":{"line":4,"column":39}},"loc":{"start":{"line":4,"column":39},"end":{"line":25,"column":3}},"line":4},"1":{"name":"(anonymous_1)","decl":{"start":{"line":6,"column":1},"end":{"line":6,"column":11}},"loc":{"start":{"line":15,"column":7},"end":{"line":22,"column":null}},"line":15},"2":{"name":"(anonymous_2)","decl":{"start":{"line":21,"column":4},"end":{"line":21,"column":15}},"loc":{"start":{"line":21,"column":21},"end":{"line":21,"column":null}},"line":21}},"branchMap":{},"s":{"0":1,"1":1,"2":5,"3":0},"f":{"0":1,"1":5,"2":0},"b":{},"meta":{"lastBranch":0,"lastFunction":3,"lastStatement":4,"seen":{"s:4:0:25:Infinity":0,"f:4:8:4:39":0,"s:4:39:25:3":1,"f:6:1:6:11":1,"s:16:2:22:Infinity":2,"f:21:4:21:15":2,"s:21:21:21:Infinity":3}}}
,"W:\\Projects\\dev-tools\\devtools\\src\\test\\utils.tsx": {"path":"W:\\Projects\\dev-tools\\devtools\\src\\test\\utils.tsx","statementMap":{"0":{"start":{"line":18,"column":7},"end":{"line":24,"column":3}},"1":{"start":{"line":20,"column":3},"end":{"line":24,"column":3}},"2":{"start":{"line":26,"column":7},"end":{"line":30,"column":3}},"3":{"start":{"line":27,"column":24},"end":{"line":27,"column":null}},"4":{"start":{"line":32,"column":19},"end":{"line":32,"column":54}},"5":{"start":{"line":33,"column":7},"end":{"line":33,"column":70}},"6":{"start":{"line":35,"column":1},"end":{"line":35,"column":null}},"7":{"start":{"line":43,"column":2},"end":{"line":46,"column":null}},"8":{"start":{"line":49,"column":1},"end":{"line":49,"column":null}},"9":{"start":{"line":53,"column":16},"end":{"line":53,"column":49}},"10":{"start":{"line":54,"column":1},"end":{"line":54,"column":null}}},"fnMap":{"0":{"name":"createTestRouter","decl":{"start":{"line":17,"column":9},"end":{"line":17,"column":26}},"loc":{"start":{"line":17,"column":69},"end":{"line":35,"column":null}},"line":17},"1":{"name":"(anonymous_1)","decl":{"start":{"line":19,"column":2},"end":{"line":19,"column":14}},"loc":{"start":{"line":20,"column":3},"end":{"line":24,"column":3}},"line":20},"2":{"name":"(anonymous_2)","decl":{"start":{"line":27,"column":2},"end":{"line":27,"column":24}},"loc":{"start":{"line":27,"column":24},"end":{"line":27,"column":null}},"line":27},"3":{"name":"renderWithProviders","decl":{"start":{"line":38,"column":16},"end":{"line":38,"column":null}},"loc":{"start":{"line":41,"column":2},"end":{"line":49,"column":null}},"line":41},"4":{"name":"Wrapper","decl":{"start":{"line":42,"column":10},"end":{"line":42,"column":18}},"loc":{"start":{"line":42,"column":46},"end":{"line":46,"column":null}},"line":42},"5":{"name":"renderRoute","decl":{"start":{"line":52,"column":16},"end":{"line":52,"column":28}},"loc":{"start":{"line":52,"column":71},"end":{"line":54,"column":null}},"line":52}},"branchMap":{"0":{"loc":{"start":{"line":17,"column":57},"end":{"line":17,"column":69}},"type":"default-arg","locations":[{"start":{"line":17,"column":64},"end":{"line":17,"column":69}}],"line":17},"1":{"loc":{"start":{"line":52,"column":59},"end":{"line":52,"column":71}},"type":"default-arg","locations":[{"start":{"line":52,"column":66},"end":{"line":52,"column":71}}],"line":52}},"s":{"0":0,"1":0,"2":0,"3":0,"4":0,"5":0,"6":0,"7":26,"8":26,"9":0,"10":0},"f":{"0":0,"1":0,"2":0,"3":26,"4":26,"5":0},"b":{"0":[0],"1":[0]},"meta":{"lastBranch":2,"lastFunction":6,"lastStatement":11,"seen":{"f:17:9:17:26":0,"b:17:64:17:69":0,"s:18:7:24:3":0,"f:19:2:19:14":1,"s:20:3:24:3":1,"s:26:7:30:3":2,"f:27:2:27:24":2,"s:27:24:27:Infinity":3,"s:32:19:32:54":4,"s:33:7:33:70":5,"s:35:1:35:Infinity":6,"f:38:16:38:Infinity":3,"f:42:10:42:18":4,"s:43:2:46:Infinity":7,"s:49:1:49:Infinity":8,"f:52:16:52:28":5,"b:52:66:52:71":1,"s:53:16:53:49":9,"s:54:1:54:Infinity":10}}}
}
